<?xml version="1.0" encoding="UTF-8"?>
<testng-results skipped="0" failed="0" ignored="0" total="1" passed="1">
  <reporter-output>
  </reporter-output>
  <suite name="Default suite" duration-ms="25209" started-at="2019-12-02T06:34:04Z" finished-at="2019-12-02T06:34:29Z">
    <groups>
    </groups>
    <test name="Default test" duration-ms="25209" started-at="2019-12-02T06:34:04Z" finished-at="2019-12-02T06:34:29Z">
      <class name="simple.Tests">
        <test-method status="PASS" signature="magentoLogin()[pri:0, instance:simple.Tests@482f8f11]" name="magentoLogin" duration-ms="25170" started-at="2019-12-02T12:04:04Z" finished-at="2019-12-02T12:04:29Z">
          <reporter-output>
          </reporter-output>
        </test-method> <!-- magentoLogin -->
      </class> <!-- simple.Tests -->
    </test> <!-- Default test -->
  </suite> <!-- Default suite -->
</testng-results>
